Timestamp: 2025-04-02 07:03:13.272311
Module ['src']:Module Cargo.toml:--- Standard Output ---
===============================================================================
 Language            Files        Lines         Code     Comments       Blanks
===============================================================================
 TOML                    1           11            7            3            1
===============================================================================
 Total                   1           11            7            3            1
===============================================================================

Return Code: 0
Module ['bridge']:Module quote.rs:--- Standard Output ---
===============================================================================
 Language            Files        Lines         Code     Comments       Blanks
===============================================================================
 Rust                    1          122          113            0            9
 |- Markdown             1           18            0           16            2
 (Total)                            140          113           16           11
===============================================================================
 Total                   1          122          113            0            9
===============================================================================

Return Code: 0
Module diagnostic.rs:--- Standard Output ---
===============================================================================
 Language            Files        Lines         Code     Comments       Blanks
===============================================================================
 Rust                    1          154          131            0           23
 |- Markdown             1           21            0           21            0
 (Total)                            175          131           21           23
===============================================================================
 Total                   1          154          131            0           23
===============================================================================

Return Code: 0
Module escape.rs:--- Standard Output ---
===============================================================================
 Language            Files        Lines         Code     Comments       Blanks
===============================================================================
 Rust                    1           53           46            3            4
 |- Markdown             1            4            0            4            0
 (Total)                             57           46            7            4
===============================================================================
 Total                   1           53           46            3            4
===============================================================================

Return Code: 0
Module to_tokens.rs:--- Standard Output ---
===============================================================================
 Language            Files        Lines         Code     Comments       Blanks
===============================================================================
 Rust                    1          260          222            0           38
 |- Markdown             1           50            0           41            9
 (Total)                            310          222           41           47
===============================================================================
 Total                   1          260          222            0           38
===============================================================================

Return Code: 0
Module lib.rs:--- Standard Output ---
===============================================================================
 Language            Files        Lines         Code     Comments       Blanks
===============================================================================
 Rust                    1         1128          957           18          153
 |- Markdown             1          406            0          347           59
 (Total)                           1534          957          365          212
===============================================================================
 Total                   1         1128          957           18          153
===============================================================================

Return Code: 0
Module []:Module arena.rs:--- Standard Output ---
===============================================================================
 Language            Files        Lines         Code     Comments       Blanks
===============================================================================
 Rust                    1           94           68           14           12
 |- Markdown             1           17            0           14            3
 (Total)                            111           68           28           15
===============================================================================
 Total                   1           94           68           14           12
===============================================================================

Return Code: 0
Module server.rs:--- Standard Output ---
===============================================================================
 Language            Files        Lines         Code     Comments       Blanks
===============================================================================
 Rust                    1          422          358            6           58
 |- Markdown             1           21            0           19            2
 (Total)                            443          358           25           60
===============================================================================
 Total                   1          422          358            6           58
===============================================================================

Return Code: 0
Module fxhash.rs:--- Standard Output ---
===============================================================================
 Language            Files        Lines         Code     Comments       Blanks
===============================================================================
 Rust                    1           90           76            0           14
 |- Markdown             1           17            0           15            2
 (Total)                            107           76           15           16
===============================================================================
 Total                   1           90           76            0           14
===============================================================================

Return Code: 0
Module symbol.rs:--- Standard Output ---
===============================================================================
 Language            Files        Lines         Code     Comments       Blanks
===============================================================================
 Rust                    1          171          124           21           26
 |- Markdown             1           28            0           24            4
 (Total)                            199          124           45           30
===============================================================================
 Total                   1          171          124           21           26
===============================================================================

Return Code: 0
Module handle.rs:--- Standard Output ---
===============================================================================
 Language            Files        Lines         Code     Comments       Blanks
===============================================================================
 Rust                    1           71           55            2           14
 |- Markdown             1            4            0            4            0
 (Total)                             75           55            6           14
===============================================================================
 Total                   1           71           55            2           14
===============================================================================

Return Code: 0
Module closure.rs:--- Standard Output ---
===============================================================================
 Language            Files        Lines         Code     Comments       Blanks
===============================================================================
 Rust                    1           31           21            5            5
 |- Markdown             1            1            0            1            0
 (Total)                             32           21            6            5
===============================================================================
 Total                   1           31           21            5            5
===============================================================================

Return Code: 0
Module rpc.rs:--- Standard Output ---
===============================================================================
 Language            Files        Lines         Code     Comments       Blanks
===============================================================================
 Rust                    1          300          253            4           43
 |- Markdown             1            3            0            3            0
 (Total)                            303          253            7           43
===============================================================================
 Total                   1          300          253            4           43
===============================================================================

Return Code: 0
Module client.rs:--- Standard Output ---
===============================================================================
 Language            Files        Lines         Code     Comments       Blanks
===============================================================================
 Rust                    1          397          294           40           63
 |- Markdown             1           18            0           16            2
 (Total)                            415          294           56           65
===============================================================================
 Total                   1          397          294           40           63
===============================================================================

Return Code: 0
Module mod.rs:--- Standard Output ---
===============================================================================
 Language            Files        Lines         Code     Comments       Blanks
===============================================================================
 Rust                    1          492          425           16           51
 |- Markdown             1           53            8           40            5
 (Total)                            545          433           56           56
===============================================================================
 Total                   1          492          425           16           51
===============================================================================

Return Code: 0
Module selfless_reify.rs:--- Standard Output ---
===============================================================================
 Language            Files        Lines         Code     Comments       Blanks
===============================================================================
 Rust                    1           47           32           10            5
 |- Markdown             1           38            8           27            3
 (Total)                             85           40           37            8
===============================================================================
 Total                   1           47           32           10            5
===============================================================================

Return Code: 0
Module buffer.rs:--- Standard Output ---
===============================================================================
 Language            Files        Lines         Code     Comments       Blanks
===============================================================================
 Rust                    1          154          124            9           21
 |- Markdown             1            1            0            1            0
 (Total)                            155          124           10           21
===============================================================================
 Total                   1          154          124            9           21
===============================================================================

Return Code: 0
