Timestamp: 2025-04-02 07:40:50.913824

***************************          

Module alloc: 

File Cargo.toml:
===============================================================================
 Language            Files        Lines         Code     Comments       Blanks
===============================================================================
 TOML                    1           56           46            2            8
===============================================================================
 Total                   1           56           46            2            8
===============================================================================

***************************          

Module alloc/tests: 

File arc.rs:
===============================================================================
 Language            Files        Lines         Code     Comments       Blanks
===============================================================================
 Rust                    1          277          210           25           42
 |- Markdown             1            2            0            2            0
 (Total)                            279          210           27           42
===============================================================================
 Total                   1          277          210           25           42
===============================================================================

File cow_str.rs:
===============================================================================
 Language            Files        Lines         Code     Comments       Blanks
===============================================================================
 Rust                    1          144          122            1           21
===============================================================================
 Total                   1          144          122            1           21
===============================================================================

File c_str2.rs:
===============================================================================
 Language            Files        Lines         Code     Comments       Blanks
===============================================================================
 Rust                    1          227          183            9           35
===============================================================================
 Total                   1          227          183            9           35
===============================================================================

File misc_tests.rs:
===============================================================================
 Language            Files        Lines         Code     Comments       Blanks
===============================================================================
 Rust                    1          139          115            0           24
 |- Markdown             1            1            0            1            0
 (Total)                            140          115            1           24
===============================================================================
 Total                   1          139          115            0           24
===============================================================================

File vec.rs:
===============================================================================
 Language            Files        Lines         Code     Comments       Blanks
===============================================================================
 Rust                    1         2737         2182          126          429
 |- Markdown             1            7            0            6            1
 (Total)                           2744         2182          132          430
===============================================================================
 Total                   1         2737         2182          126          429
===============================================================================

File sync.rs:
===============================================================================
 Language            Files        Lines         Code     Comments       Blanks
===============================================================================
 Rust                    1          718          570           14          134
 |- Markdown             1            1            0            1            0
 (Total)                            719          570           15          134
===============================================================================
 Total                   1          718          570           14          134
===============================================================================

File c_str.rs:
===============================================================================
 Language            Files        Lines         Code     Comments       Blanks
===============================================================================
 Rust                    1           19           18            0            1
===============================================================================
 Total                   1           19           18            0            1
===============================================================================

File const_fns.rs:
===============================================================================
 Language            Files        Lines         Code     Comments       Blanks
===============================================================================
 Rust                    1           38           19            8           11
===============================================================================
 Total                   1           38           19            8           11
===============================================================================

File vec_deque.rs:
===============================================================================
 Language            Files        Lines         Code     Comments       Blanks
===============================================================================
 Rust                    1         1826         1492           83          251
===============================================================================
 Total                   1         1826         1492           83          251
===============================================================================

File btree_set_hash.rs:
===============================================================================
 Language            Files        Lines         Code     Comments       Blanks
===============================================================================
 Rust                    1           30           20            3            7
===============================================================================
 Total                   1           30           20            3            7
===============================================================================

File linked_list.rs:
===============================================================================
 Language            Files        Lines         Code     Comments       Blanks
===============================================================================
 Rust                    1           21           15            0            6
===============================================================================
 Total                   1           21           15            0            6
===============================================================================

File fmt.rs:
===============================================================================
 Language            Files        Lines         Code     Comments       Blanks
===============================================================================
 Rust                    1          326          271           26           29
===============================================================================
 Total                   1          326          271           26           29
===============================================================================

File vec_deque_alloc_error.rs:
===============================================================================
 Language            Files        Lines         Code     Comments       Blanks
===============================================================================
 Rust                    1           48           32            8            8
===============================================================================
 Total                   1           48           32            8            8
===============================================================================

File borrow.rs:
===============================================================================
 Language            Files        Lines         Code     Comments       Blanks
===============================================================================
 Rust                    1           60           49            1           10
===============================================================================
 Total                   1           60           49            1           10
===============================================================================

File rc.rs:
===============================================================================
 Language            Files        Lines         Code     Comments       Blanks
===============================================================================
 Rust                    1          259          200           22           37
 |- Markdown             1            1            0            1            0
 (Total)                            260          200           23           37
===============================================================================
 Total                   1          259          200           22           37
===============================================================================

File string.rs:
===============================================================================
 Language            Files        Lines         Code     Comments       Blanks
===============================================================================
 Rust                    1          905          721           44          140
===============================================================================
 Total                   1          905          721           44          140
===============================================================================

File str.rs:
===============================================================================
 Language            Files        Lines         Code     Comments       Blanks
===============================================================================
 Rust                    1         2449         2259           60          130
===============================================================================
 Total                   1         2449         2259           60          130
===============================================================================

File boxed.rs:
===============================================================================
 Language            Files        Lines         Code     Comments       Blanks
===============================================================================
 Rust                    1          252          208           20           24
 |- Markdown             1            6            0            5            1
 (Total)                            258          208           25           25
===============================================================================
 Total                   1          252          208           20           24
===============================================================================

File heap.rs:
===============================================================================
 Language            Files        Lines         Code     Comments       Blanks
===============================================================================
 Rust                    1           43           36            3            4
 |- Markdown             1            1            0            1            0
 (Total)                             44           36            4            4
===============================================================================
 Total                   1           43           36            3            4
===============================================================================

File slice.rs:
===============================================================================
 Language            Files        Lines         Code     Comments       Blanks
===============================================================================
 Rust                    1         1669         1396           44          229
===============================================================================
 Total                   1         1669         1396           44          229
===============================================================================

File task.rs:
===============================================================================
 Language            Files        Lines         Code     Comments       Blanks
===============================================================================
 Rust                    1           36           28            0            8
===============================================================================
 Total                   1           36           28            0            8
===============================================================================

File lib.rs:
===============================================================================
 Language            Files        Lines         Code     Comments       Blanks
===============================================================================
 Rust                    1          108           98            2            8
 |- Markdown             1            2            0            2            0
 (Total)                            110           98            4            8
===============================================================================
 Total                   1          108           98            2            8
===============================================================================

File alloc.rs:
===============================================================================
 Language            Files        Lines         Code     Comments       Blanks
===============================================================================
 Rust                    1           29           25            0            4
===============================================================================
 Total                   1           29           25            0            4
===============================================================================

File thin_box.rs:
===============================================================================
 Language            Files        Lines         Code     Comments       Blanks
===============================================================================
 Rust                    1          262          200           20           42
===============================================================================
 Total                   1          262          200           20           42
===============================================================================

File autotraits.rs:
===============================================================================
 Language            Files        Lines         Code     Comments       Blanks
===============================================================================
 Rust                    1          288          202           38           48
===============================================================================
 Total                   1          288          202           38           48
===============================================================================

***************************          

Module alloc/tests/sort: 

File tests.rs:
===============================================================================
 Language            Files        Lines         Code     Comments       Blanks
===============================================================================
 Rust                    1         1227          945          112          170
 |- Markdown             1            6            0            6            0
 (Total)                           1233          945          118          170
===============================================================================
 Total                   1         1227          945          112          170
===============================================================================

File patterns.rs:
===============================================================================
 Language            Files        Lines         Code     Comments       Blanks
===============================================================================
 Rust                    1          209          116           43           50
 |- Markdown             1            2            0            2            0
 (Total)                            211          116           45           50
===============================================================================
 Total                   1          209          116           43           50
===============================================================================

File mod.rs:
===============================================================================
 Language            Files        Lines         Code     Comments       Blanks
===============================================================================
 Rust                    1           17           14            0            3
===============================================================================
 Total                   1           17           14            0            3
===============================================================================

File ffi_types.rs:
===============================================================================
 Language            Files        Lines         Code     Comments       Blanks
===============================================================================
 Rust                    1           82           59            8           15
===============================================================================
 Total                   1           82           59            8           15
===============================================================================

File known_good_stable_sort.rs:
===============================================================================
 Language            Files        Lines         Code     Comments       Blanks
===============================================================================
 Rust                    1          169          108           32           29
 |- Markdown             1           23            0           17            6
 (Total)                            192          108           49           35
===============================================================================
 Total                   1          169          108           32           29
===============================================================================

File zipf.rs:
===============================================================================
 Language            Files        Lines         Code     Comments       Blanks
===============================================================================
 Rust                    1          184           93           71           20
 |- Markdown             1           24            0           21            3
 (Total)                            208           93           92           23
===============================================================================
 Total                   1          184           93           71           20
===============================================================================

***************************          

Module alloc/tests/testing: 

File mod.rs:
===============================================================================
 Language            Files        Lines         Code     Comments       Blanks
===============================================================================
 Rust                    1            1            1            0            0
===============================================================================
 Total                   1            1            1            0            0
===============================================================================

File crash_test.rs:
===============================================================================
 Language            Files        Lines         Code     Comments       Blanks
===============================================================================
 Rust                    1           71           59            0           12
 |- Markdown             1            9            0            8            1
 (Total)                             80           59            8           13
===============================================================================
 Total                   1           71           59            0           12
===============================================================================

***************************          

Module alloc/tests/collections: 

File binary_heap.rs:
===============================================================================
 Language            Files        Lines         Code     Comments       Blanks
===============================================================================
 Rust                    1          582          464           27           91
===============================================================================
 Total                   1          582          464           27           91
===============================================================================

File mod.rs:
===============================================================================
 Language            Files        Lines         Code     Comments       Blanks
===============================================================================
 Rust                    1            1            1            0            0
===============================================================================
 Total                   1            1            1            0            0
===============================================================================

***************************          

Module alloc/benches: 

File binary_heap.rs:
===============================================================================
 Language            Files        Lines         Code     Comments       Blanks
===============================================================================
 Rust                    1           91           70            6           15
===============================================================================
 Total                   1           91           70            6           15
===============================================================================

File vec.rs:
===============================================================================
 Language            Files        Lines         Code     Comments       Blanks
===============================================================================
 Rust                    1          872          709           10          153
 |- Markdown             1            1            0            1            0
 (Total)                            873          709           11          153
===============================================================================
 Total                   1          872          709           10          153
===============================================================================

File vec_deque.rs:
===============================================================================
 Language            Files        Lines         Code     Comments       Blanks
===============================================================================
 Rust                    1          265          210           15           40
 |- Markdown             1            2            0            2            0
 (Total)                            267          210           17           40
===============================================================================
 Total                   1          265          210           15           40
===============================================================================

File linked_list.rs:
===============================================================================
 Language            Files        Lines         Code     Comments       Blanks
===============================================================================
 Rust                    1           78           71            0            7
===============================================================================
 Total                   1           78           71            0            7
===============================================================================

File vec_deque_append.rs:
===============================================================================
 Language            Files        Lines         Code     Comments       Blanks
===============================================================================
 Rust                    1           40           31            2            7
===============================================================================
 Total                   1           40           31            2            7
===============================================================================

File string.rs:
===============================================================================
 Language            Files        Lines         Code     Comments       Blanks
===============================================================================
 Rust                    1          165          144            1           20
===============================================================================
 Total                   1          165          144            1           20
===============================================================================

File str.rs:
===============================================================================
 Language            Files        Lines         Code     Comments       Blanks
===============================================================================
 Rust                    1          351          293            1           57
===============================================================================
 Total                   1          351          293            1           57
===============================================================================

File slice.rs:
===============================================================================
 Language            Files        Lines         Code     Comments       Blanks
===============================================================================
 Rust                    1          379          332            5           42
===============================================================================
 Total                   1          379          332            5           42
===============================================================================

File lib.rs:
===============================================================================
 Language            Files        Lines         Code     Comments       Blanks
===============================================================================
 Rust                    1           25           21            1            3
 |- Markdown             1            3            0            2            1
 (Total)                             28           21            3            4
===============================================================================
 Total                   1           25           21            1            3
===============================================================================

***************************          

Module alloc/benches/btree: 

File set.rs:
===============================================================================
 Language            Files        Lines         Code     Comments       Blanks
===============================================================================
 Rust                    1          224          197            2           25
===============================================================================
 Total                   1          224          197            2           25
===============================================================================

File mod.rs:
===============================================================================
 Language            Files        Lines         Code     Comments       Blanks
===============================================================================
 Rust                    1            2            2            0            0
===============================================================================
 Total                   1            2            2            0            0
===============================================================================

File map.rs:
===============================================================================
 Language            Files        Lines         Code     Comments       Blanks
===============================================================================
 Rust                    1          583          482           15           86
 |- Markdown             1            1            0            1            0
 (Total)                            584          482           16           86
===============================================================================
 Total                   1          583          482           15           86
===============================================================================

***************************          

Module alloc/src: 

File lib.miri.rs:
===============================================================================
 Language            Files        Lines         Code     Comments       Blanks
===============================================================================
 Rust                    1            3            3            0            0
 |- Markdown             1            1            0            1            0
 (Total)                              4            3            1            0
===============================================================================
 Total                   1            3            3            0            0
===============================================================================

File macros.rs:
===============================================================================
 Language            Files        Lines         Code     Comments       Blanks
===============================================================================
 Rust                    1           53           45            6            2
 |- Markdown             1           79            0           60           19
 (Total)                            132           45           66           21
===============================================================================
 Total                   1           53           45            6            2
===============================================================================

File sync.rs:
===============================================================================
 Language            Files        Lines         Code     Comments       Blanks
===============================================================================
 Rust                    1         1955         1416          299          240
 |- Markdown             1         2074           20         1491          563
 (Total)                           4029         1436         1790          803
===============================================================================
 Total                   1         1955         1416          299          240
===============================================================================

File fmt.rs:
===============================================================================
 Language            Files        Lines         Code     Comments       Blanks
===============================================================================
 Rust                    1           45           40            0            5
 |- Markdown             1          610            0          481          129
 (Total)                            655           40          481          134
===============================================================================
 Total                   1           45           40            0            5
===============================================================================

File borrow.rs:
===============================================================================
 Language            Files        Lines         Code     Comments       Blanks
===============================================================================
 Rust                    1          293          258            0           35
 |- Markdown             1          199            0          150           49
 (Total)                            492          258          150           84
===============================================================================
 Total                   1          293          258            0           35
===============================================================================

File raw_vec.rs:
===============================================================================
 Language            Files        Lines         Code     Comments       Blanks
===============================================================================
 Rust                    1          647          505           62           80
 |- Markdown             1          169            0          129           40
 (Total)                            816          505          191          120
===============================================================================
 Total                   1          647          505           62           80
===============================================================================

File rc.rs:
===============================================================================
 Language            Files        Lines         Code     Comments       Blanks
===============================================================================
 Rust                    1         1965         1517          191          257
 |- Markdown             1         2186           20         1567          599
 (Total)                           4151         1537         1758          856
===============================================================================
 Total                   1         1965         1517          191          257
===============================================================================

File string.rs:
===============================================================================
 Language            Files        Lines         Code     Comments       Blanks
===============================================================================
 Rust                    1         1540         1269           83          188
 |- Markdown             1         1672            3         1211          458
 (Total)                           3212         1272         1294          646
===============================================================================
 Total                   1         1540         1269           83          188
===============================================================================

File str.rs:
===============================================================================
 Language            Files        Lines         Code     Comments       Blanks
===============================================================================
 Rust                    1          488          383           54           51
 |- Markdown             1          228            0          157           71
 (Total)                            716          383          211          122
===============================================================================
 Total                   1          488          383           54           51
===============================================================================

File boxed.rs:
===============================================================================
 Language            Files        Lines         Code     Comments       Blanks
===============================================================================
 Rust                    1          921          755           64          102
 |- Markdown             1         1241           34          900          307
 (Total)                           2162          789          964          409
===============================================================================
 Total                   1          921          755           64          102
===============================================================================

File slice.rs:
===============================================================================
 Language            Files        Lines         Code     Comments       Blanks
===============================================================================
 Rust                    1          566          447           59           60
 |- Markdown             1          354            0          263           91
 (Total)                            920          447          322          151
===============================================================================
 Total                   1          566          447           59           60
===============================================================================

File task.rs:
===============================================================================
 Language            Files        Lines         Code     Comments       Blanks
===============================================================================
 Rust                    1          156          106           33           17
 |- Markdown             1          191           76           75           40
 (Total)                            347          182          108           57
===============================================================================
 Total                   1          156          106           33           17
===============================================================================

File lib.rs:
===============================================================================
 Language            Files        Lines         Code     Comments       Blanks
===============================================================================
 Rust                    1          207          175           22           10
 |- Markdown             1           59            0           43           16
 (Total)                            266          175           65           26
===============================================================================
 Total                   1          207          175           22           10
===============================================================================

File alloc.rs:
===============================================================================
 Language            Files        Lines         Code     Comments       Blanks
===============================================================================
 Rust                    1          324          242           43           39
 |- Markdown             1          120            0           86           34
 (Total)                            444          242          129           73
===============================================================================
 Total                   1          324          242           43           39
===============================================================================

***************************          

Module alloc/src/ffi: 

File c_str.rs:
===============================================================================
 Language            Files        Lines         Code     Comments       Blanks
===============================================================================
 Rust                    1          653          536           33           84
 |- Markdown             1          547            0          413          134
 (Total)                           1200          536          446          218
===============================================================================
 Total                   1          653          536           33           84
===============================================================================

File mod.rs:
===============================================================================
 Language            Files        Lines         Code     Comments       Blanks
===============================================================================
 Rust                    1           12            9            0            3
 |- Markdown             1           79            0           66           13
 (Total)                             91            9           66           16
===============================================================================
 Total                   1           12            9            0            3
===============================================================================

***************************          

Module alloc/src/raw_vec: 

File tests.rs:
===============================================================================
 Language            Files        Lines         Code     Comments       Blanks
===============================================================================
 Rust                    1          163          111           23           29
===============================================================================
 Total                   1          163          111           23           29
===============================================================================

***************************          

Module alloc/src/vec: 

File spec_extend.rs:
===============================================================================
 Language            Files        Lines         Code     Comments       Blanks
===============================================================================
 Rust                    1           63           55            1            7
===============================================================================
 Total                   1           63           55            1            7
===============================================================================

File is_zero.rs:
===============================================================================
 Language            Files        Lines         Code     Comments       Blanks
===============================================================================
 Rust                    1          187          133           28           26
 |- Markdown             1            2            0            2            0
 (Total)                            189          133           30           26
===============================================================================
 Total                   1          187          133           28           26
===============================================================================

File spec_from_iter_nested.rs:
===============================================================================
 Language            Files        Lines         Code     Comments       Blanks
===============================================================================
 Rust                    1           62           45           13            4
 |- Markdown             1            3            0            3            0
 (Total)                             65           45           16            4
===============================================================================
 Total                   1           62           45           13            4
===============================================================================

File set_len_on_drop.rs:
===============================================================================
 Language            Files        Lines         Code     Comments       Blanks
===============================================================================
 Rust                    1           33           24            5            4
===============================================================================
 Total                   1           33           24            5            4
===============================================================================

File in_place_collect.rs:
===============================================================================
 Language            Files        Lines         Code     Comments       Blanks
===============================================================================
 Rust                    1          251          167           58           26
 |- Markdown             1          180           22          115           43
 (Total)                            431          189          173           69
===============================================================================
 Total                   1          251          167           58           26
===============================================================================

File drain.rs:
===============================================================================
 Language            Files        Lines         Code     Comments       Blanks
===============================================================================
 Rust                    1          207          146           28           33
 |- Markdown             1           46            0           35           11
 (Total)                            253          146           63           44
===============================================================================
 Total                   1          207          146           28           33
===============================================================================

File spec_from_iter.rs:
===============================================================================
 Language            Files        Lines         Code     Comments       Blanks
===============================================================================
 Rust                    1           48           33           10            5
 |- Markdown             1           18            0           16            2
 (Total)                             66           33           26            7
===============================================================================
 Total                   1           48           33           10            5
===============================================================================

File in_place_drop.rs:
===============================================================================
 Language            Files        Lines         Code     Comments       Blanks
===============================================================================
 Rust                    1           49           38            5            6
===============================================================================
 Total                   1           49           38            5            6
===============================================================================

File into_iter.rs:
===============================================================================
 Language            Files        Lines         Code     Comments       Blanks
===============================================================================
 Rust                    1          467          352           66           49
 |- Markdown             1           70            0           58           12
 (Total)                            537          352          124           61
===============================================================================
 Total                   1          467          352           66           49
===============================================================================

File extract_if.rs:
===============================================================================
 Language            Files        Lines         Code     Comments       Blanks
===============================================================================
 Rust                    1           93           80            4            9
 |- Markdown             1           19            0           15            4
 (Total)                            112           80           19           13
===============================================================================
 Total                   1           93           80            4            9
===============================================================================

File splice.rs:
===============================================================================
 Language            Files        Lines         Code     Comments       Blanks
===============================================================================
 Rust                    1          123           95           12           16
 |- Markdown             1           18            0           15            3
 (Total)                            141           95           27           19
===============================================================================
 Total                   1          123           95           12           16
===============================================================================

File cow.rs:
===============================================================================
 Language            Files        Lines         Code     Comments       Blanks
===============================================================================
 Rust                    1           41           36            0            5
 |- Markdown             1           24            0           16            8
 (Total)                             65           36           16           13
===============================================================================
 Total                   1           41           36            0            5
===============================================================================

File spec_from_elem.rs:
===============================================================================
 Language            Files        Lines         Code     Comments       Blanks
===============================================================================
 Rust                    1           79           67            5            7
===============================================================================
 Total                   1           79           67            5            7
===============================================================================

File mod.rs:
===============================================================================
 Language            Files        Lines         Code     Comments       Blanks
===============================================================================
 Rust                    1         1660         1199          257          204
 |- Markdown             1         2394           92         1730          572
 (Total)                           4054         1291         1987          776
===============================================================================
 Total                   1         1660         1199          257          204
===============================================================================

File partial_eq.rs:
===============================================================================
 Language            Files        Lines         Code     Comments       Blanks
===============================================================================
 Rust                    1           46           34            9            3
===============================================================================
 Total                   1           46           34            9            3
===============================================================================

***************************          

Module alloc/src/boxed: 

File convert.rs:
===============================================================================
 Language            Files        Lines         Code     Comments       Blanks
===============================================================================
 Rust                    1          366          320            5           41
 |- Markdown             1          426           31          279          116
 (Total)                            792          351          284          157
===============================================================================
 Total                   1          366          320            5           41
===============================================================================

File iter.rs:
===============================================================================
 Language            Files        Lines         Code     Comments       Blanks
===============================================================================
 Rust                    1          186          159            3           24
 |- Markdown             1            8            0            8            0
 (Total)                            194          159           11           24
===============================================================================
 Total                   1          186          159            3           24
===============================================================================

File thin.rs:
===============================================================================
 Language            Files        Lines         Code     Comments       Blanks
===============================================================================
 Rust                    1          364          258           53           53
 |- Markdown             1           73            0           56           17
 (Total)                            437          258          109           70
===============================================================================
 Total                   1          364          258           53           53
===============================================================================

***************************          

Module alloc/src/testing: 

File ord_chaos.rs:
===============================================================================
 Language            Files        Lines         Code     Comments       Blanks
===============================================================================
 Rust                    1           81           63            5           13
===============================================================================
 Total                   1           81           63            5           13
===============================================================================

File rng.rs:
===============================================================================
 Language            Files        Lines         Code     Comments       Blanks
===============================================================================
 Rust                    1           26           24            0            2
 |- Markdown             1            2            0            2            0
 (Total)                             28           24            2            2
===============================================================================
 Total                   1           26           24            0            2
===============================================================================

File mod.rs:
===============================================================================
 Language            Files        Lines         Code     Comments       Blanks
===============================================================================
 Rust                    1            3            3            0            0
===============================================================================
 Total                   1            3            3            0            0
===============================================================================

File crash_test.rs:
===============================================================================
 Language            Files        Lines         Code     Comments       Blanks
===============================================================================
 Rust                    1          107           90            0           17
 |- Markdown             1           13            0           12            1
 (Total)                            120           90           12           18
===============================================================================
 Total                   1          107           90            0           17
===============================================================================

***************************          

Module alloc/src/rc: 

File tests.rs:
===============================================================================
 Language            Files        Lines         Code     Comments       Blanks
===============================================================================
 Rust                    1          662          524           10          128
 |- Markdown             1            2            0            2            0
 (Total)                            664          524           12          128
===============================================================================
 Total                   1          662          524           10          128
===============================================================================

***************************          

Module alloc/src/collections: 

File linked_list.rs:
===============================================================================
 Language            Files        Lines         Code     Comments       Blanks
===============================================================================
 Rust                    1         1492         1228           85          179
 |- Markdown             1          746            0          551          195
 (Total)                           2238         1228          636          374
===============================================================================
 Total                   1         1492         1228           85          179
===============================================================================

File mod.rs:
===============================================================================
 Language            Files        Lines         Code     Comments       Blanks
===============================================================================
 Rust                    1          142          125            0           17
 |- Markdown             1           13            0           13            0
 (Total)                            155          125           13           17
===============================================================================
 Total                   1          142          125            0           17
===============================================================================

***************************          

Module alloc/src/collections/linked_list: 

File tests.rs:
===============================================================================
 Language            Files        Lines         Code     Comments       Blanks
===============================================================================
 Rust                    1         1202         1043           28          131
===============================================================================
 Total                   1         1202         1043           28          131
===============================================================================

***************************          

Module alloc/src/collections/btree: 

File append.rs:
===============================================================================
 Language            Files        Lines         Code     Comments       Blanks
===============================================================================
 Rust                    1           93           70           13           10
 |- Markdown             1           15            0           13            2
 (Total)                            108           70           26           12
===============================================================================
 Total                   1           93           70           13           10
===============================================================================

File set_val.rs:
===============================================================================
 Language            Files        Lines         Code     Comments       Blanks
===============================================================================
 Rust                    1           20           15            2            3
 |- Markdown             1            9            0            8            1
 (Total)                             29           15           10            4
===============================================================================
 Total                   1           20           15            2            3
===============================================================================

File node.rs:
===============================================================================
 Language            Files        Lines         Code     Comments       Blanks
===============================================================================
 Rust                    1         1503         1188          121          194
 |- Markdown             1          356            0          317           39
 (Total)                           1859         1188          438          233
===============================================================================
 Total                   1         1503         1188          121          194
===============================================================================

File remove.rs:
===============================================================================
 Language            Files        Lines         Code     Comments       Blanks
===============================================================================
 Rust                    1           94           73           15            6
 |- Markdown             1            4            0            4            0
 (Total)                             98           73           19            6
===============================================================================
 Total                   1           94           73           15            6
===============================================================================

File dedup_sorted_iter.rs:
===============================================================================
 Language            Files        Lines         Code     Comments       Blanks
===============================================================================
 Rust                    1           43           37            0            6
 |- Markdown             1            6            0            4            2
 (Total)                             49           37            4            8
===============================================================================
 Total                   1           43           37            0            6
===============================================================================

File navigate.rs:
===============================================================================
 Language            Files        Lines         Code     Comments       Blanks
===============================================================================
 Rust                    1          645          576           11           58
 |- Markdown             1          136            0          118           18
 (Total)                            781          576          129           76
===============================================================================
 Total                   1          645          576           11           58
===============================================================================

File search.rs:
===============================================================================
 Language            Files        Lines         Code     Comments       Blanks
===============================================================================
 Rust                    1          230          212            3           15
 |- Markdown             1           56            0           45           11
 (Total)                            286          212           48           26
===============================================================================
 Total                   1          230          212            3           15
===============================================================================

File fix.rs:
===============================================================================
 Language            Files        Lines         Code     Comments       Blanks
===============================================================================
 Rust                    1          155          138            5           12
 |- Markdown             1           27            0           26            1
 (Total)                            182          138           31           13
===============================================================================
 Total                   1          155          138            5           12
===============================================================================

File borrow.rs:
===============================================================================
 Language            Files        Lines         Code     Comments       Blanks
===============================================================================
 Rust                    1           38           26            5            7
 |- Markdown             1           31            0           24            7
 (Total)                             69           26           29           14
===============================================================================
 Total                   1           38           26            5            7
===============================================================================

File set.rs:
===============================================================================
 Language            Files        Lines         Code     Comments       Blanks
===============================================================================
 Rust                    1         1386         1197           20          169
 |- Markdown             1         1128            0          833          295
 (Total)                           2514         1197          853          464
===============================================================================
 Total                   1         1386         1197           20          169
===============================================================================

File merge_iter.rs:
===============================================================================
 Language            Files        Lines         Code     Comments       Blanks
===============================================================================
 Rust                    1           85           78            0            7
 |- Markdown             1           13            0           13            0
 (Total)                             98           78           13            7
===============================================================================
 Total                   1           85           78            0            7
===============================================================================

File mod.rs:
===============================================================================
 Language            Files        Lines         Code     Comments       Blanks
===============================================================================
 Rust                    1           14           14            0            0
===============================================================================
 Total                   1           14           14            0            0
===============================================================================

File mem.rs:
===============================================================================
 Language            Files        Lines         Code     Comments       Blanks
===============================================================================
 Rust                    1           25           23            0            2
 |- Markdown             1            8            0            6            2
 (Total)                             33           23            6            4
===============================================================================
 Total                   1           25           23            0            2
===============================================================================

File split.rs:
===============================================================================
 Language            Files        Lines         Code     Comments       Blanks
===============================================================================
 Rust                    1           67           58            1            8
 |- Markdown             1            8            0            8            0
 (Total)                             75           58            9            8
===============================================================================
 Total                   1           67           58            1            8
===============================================================================

File map.rs:
===============================================================================
 Language            Files        Lines         Code     Comments       Blanks
===============================================================================
 Rust                    1         2160         1834           64          262
 |- Markdown             1         1325            0         1013          312
 (Total)                           3485         1834         1077          574
===============================================================================
 Total                   1         2160         1834           64          262
===============================================================================

***************************          

Module alloc/src/collections/btree/map: 

File tests.rs:
===============================================================================
 Language            Files        Lines         Code     Comments       Blanks
===============================================================================
 Rust                    1         2565         2125          107          333
===============================================================================
 Total                   1         2565         2125          107          333
===============================================================================

File entry.rs:
===============================================================================
 Language            Files        Lines         Code     Comments       Blanks
===============================================================================
 Rust                    1          309          261           10           38
 |- Markdown             1          308            0          225           83
 (Total)                            617          261          235          121
===============================================================================
 Total                   1          309          261           10           38
===============================================================================

***************************          

Module alloc/src/collections/btree/set: 

File tests.rs:
===============================================================================
 Language            Files        Lines         Code     Comments       Blanks
===============================================================================
 Rust                    1          852          709           15          128
===============================================================================
 Total                   1          852          709           15          128
===============================================================================

File entry.rs:
===============================================================================
 Language            Files        Lines         Code     Comments       Blanks
===============================================================================
 Rust                    1          128          110            0           18
 |- Markdown             1          260            0          186           74
 (Total)                            388          110          186           92
===============================================================================
 Total                   1          128          110            0           18
===============================================================================

***************************          

Module alloc/src/collections/btree/node: 

File tests.rs:
===============================================================================
 Language            Files        Lines         Code     Comments       Blanks
===============================================================================
 Rust                    1           99           85            5            9
===============================================================================
 Total                   1           99           85            5            9
===============================================================================

***************************          

Module alloc/src/collections/btree/borrow: 

File tests.rs:
===============================================================================
 Language            Files        Lines         Code     Comments       Blanks
===============================================================================
 Rust                    1           19           18            0            1
===============================================================================
 Total                   1           19           18            0            1
===============================================================================

***************************          

Module alloc/src/collections/binary_heap: 

File mod.rs:
===============================================================================
 Language            Files        Lines         Code     Comments       Blanks
===============================================================================
 Rust                    1          990          736          102          152
 |- Markdown             1          908            0          678          230
 (Total)                           1898          736          780          382
===============================================================================
 Total                   1          990          736          102          152
===============================================================================

***************************          

Module alloc/src/collections/vec_deque: 

File spec_extend.rs:
===============================================================================
 Language            Files        Lines         Code     Comments       Blanks
===============================================================================
 Rust                    1          120           91           15           14
===============================================================================
 Total                   1          120           91           15           14
===============================================================================

File tests.rs:
===============================================================================
 Language            Files        Lines         Code     Comments       Blanks
===============================================================================
 Rust                    1         1176          915           85          176
===============================================================================
 Total                   1         1176          915           85          176
===============================================================================

File macros.rs:
===============================================================================
 Language            Files        Lines         Code     Comments       Blanks
===============================================================================
 Rust                    1           19           19            0            0
===============================================================================
 Total                   1           19           19            0            0
===============================================================================

File drain.rs:
===============================================================================
 Language            Files        Lines         Code     Comments       Blanks
===============================================================================
 Rust                    1          268          165           77           26
 |- Markdown             1            6            0            4            2
 (Total)                            274          165           81           28
===============================================================================
 Total                   1          268          165           77           26
===============================================================================

File spec_from_iter.rs:
===============================================================================
 Language            Files        Lines         Code     Comments       Blanks
===============================================================================
 Rust                    1           33           25            4            4
 |- Markdown             1            1            0            1            0
 (Total)                             34           25            5            4
===============================================================================
 Total                   1           33           25            4            4
===============================================================================

File into_iter.rs:
===============================================================================
 Language            Files        Lines         Code     Comments       Blanks
===============================================================================
 Rust                    1          254          202           18           34
 |- Markdown             1            6            0            4            2
 (Total)                            260          202           22           36
===============================================================================
 Total                   1          254          202           18           34
===============================================================================

File iter.rs:
===============================================================================
 Language            Files        Lines         Code     Comments       Blanks
===============================================================================
 Rust                    1          190          153           13           24
 |- Markdown             1           42            0           31           11
 (Total)                            232          153           44           35
===============================================================================
 Total                   1          190          153           13           24
===============================================================================

File mod.rs:
===============================================================================
 Language            Files        Lines         Code     Comments       Blanks
===============================================================================
 Rust                    1         1777         1248          320          209
 |- Markdown             1         1307           10          960          337
 (Total)                           3084         1258         1280          546
===============================================================================
 Total                   1         1777         1248          320          209
===============================================================================

File iter_mut.rs:
===============================================================================
 Language            Files        Lines         Code     Comments       Blanks
===============================================================================
 Rust                    1          191          154           12           25
 |- Markdown             1          105            0           78           27
 (Total)                            296          154           90           52
===============================================================================
 Total                   1          191          154           12           25
===============================================================================
