Timestamp: 2025-04-02 05:35:28.378551
Command: tokei ../src/anyhow-1.0.86

--- Standard Output ---
===============================================================================
 Language            Files        Lines         Code     Comments       Blanks
===============================================================================
 TOML                    2          132           98           10           24
-------------------------------------------------------------------------------
 Markdown                1          140            0           96           44
 |- Rust                 1           37           31            2            4
 |- TOML                 1            4            4            0            0
 (Total)                            181           35           98           48
-------------------------------------------------------------------------------
 Rust                   36         5182         4140          254          788
 |- Markdown             4          892            9          737          146
 (Total)                           6074         4149          991          934
===============================================================================
 Total                  39         5454         4238          360          856
===============================================================================

Return Code: 0
