Timestamp: 2025-04-02 05:35:28.391263
Command: tokei ../src/bitflags-2.6.0

--- Standard Output ---
===============================================================================
 Language            Files        Lines         Code     Comments       Blanks
===============================================================================
 TOML                    1           96           70           10           16
-------------------------------------------------------------------------------
 Markdown                6         1113            0          702          411
 |- Rust                 3          162          153            6            3
 |- TOML                 1            2            2            0            0
 (Total)                           1277          155          708          414
-------------------------------------------------------------------------------
 Rust                   42         5111         3681          781          649
 |- Markdown            15          234            0          198           36
 (Total)                           5345         3681          979          685
===============================================================================
 Total                  49         6320         3751         1493         1076
===============================================================================

Return Code: 0
