Timestamp: 2025-04-02 05:35:28.404321
Command: tokei ../src/cfg-if-1.0.0

--- Standard Output ---
===============================================================================
 Language            Files        Lines         Code     Comments       Blanks
===============================================================================
 TOML                    1           36           22           11            3
-------------------------------------------------------------------------------
 Markdown                1           32            0           21           11
 |- Rust                 1           13           12            0            1
 |- TOML                 1            2            2            0            0
 (Total)                             47           14           21           12
-------------------------------------------------------------------------------
 Rust                    2          164          131           16           17
 |- Markdown             1           26            0           21            5
 (Total)                            190          131           37           22
===============================================================================
 Total                   4          232          153           48           31
===============================================================================

Return Code: 0
