Timestamp: 2025-04-02 05:35:28.786521
Command: tokei ../src/criterion-0.3.2

--- Standard Output ---
===============================================================================
 Language            Files        Lines         Code     Comments       Blanks
===============================================================================
 Python                  1           36           22            2           12
 Shell                   2           55           46            0            9
 TOML                    1          113           77           11           25
 YAML                    1           29           25            0            4
-------------------------------------------------------------------------------
 Markdown                3          549            0          441          108
 |- Rust                 1           16           13            0            3
 |- TOML                 1            6            5            0            1
 (Total)                            571           18          441          112
-------------------------------------------------------------------------------
 Rust                   62        10402         9056          129         1217
 |- Markdown            23         1346          167          914          265
 (Total)                          11748         9223         1043         1482
===============================================================================
 Total                  70        11184         9226          583         1375
===============================================================================

Return Code: 0
