Timestamp: 2025-04-02 05:35:27.655989
Command: tokei ../src/env_logger-0.10.2

--- Standard Output ---
===============================================================================
 Language            Files        Lines         Code     Comments       Blanks
===============================================================================
 TOML                    1          137          110           10           17
-------------------------------------------------------------------------------
 Markdown                1          101            0           67           34
 |- BASH                 1           25           21            0            4
 |- Rust                 1           46           34            1           11
 |- TOML                 1            5            4            0            1
 (Total)                            177           59           68           50
-------------------------------------------------------------------------------
 Rust                   25         3215         2538          196          481
 |- Markdown             7         1231            7          880          344
 (Total)                           4446         2545         1076          825
===============================================================================
 Total                  27         3453         2648          273          532
===============================================================================

Return Code: 0
