Timestamp: 2025-04-02 05:35:28.490667
Command: tokei ../src/errno-0.3.9

--- Standard Output ---
===============================================================================
 Language            Files        Lines         Code     Comments       Blanks
===============================================================================
 TOML                    2           50           34           10            6
-------------------------------------------------------------------------------
 Markdown                2          146            0           90           56
 |- Rust                 1           14            6            4            4
 |- TOML                 1            4            4            0            0
 (Total)                            164           10           94           60
-------------------------------------------------------------------------------
 Rust                    5          389          294           42           53
 |- Markdown             5           42            0           31           11
 (Total)                            431          294           73           64
===============================================================================
 Total                   9          585          328          142          115
===============================================================================

Return Code: 0
