Timestamp: 2025-04-02 05:35:28.520227
Command: tokei ../src/flate2-1.0.30

--- Standard Output ---
===============================================================================
 Language            Files        Lines         Code     Comments       Blanks
===============================================================================
 Plain Text              3          736            0          736            0
 TOML                    1          124          102           10           12
-------------------------------------------------------------------------------
 Markdown                2          113            0           78           35
 |- Rust                 1           19           17            0            2
 |- TOML                 1            9            8            1            0
 (Total)                            141           25           79           37
-------------------------------------------------------------------------------
 Rust                   47         5461         4510          202          749
 |- Markdown            16         1837            0         1454          383
 (Total)                           7298         4510         1656         1132
===============================================================================
 Total                  53         6434         4612         1026          796
===============================================================================

Return Code: 0
