Timestamp: 2025-04-02 05:35:28.531729
Command: tokei ../src/fs4-0.8.4

--- Standard Output ---
===============================================================================
 Language            Files        Lines         Code     Comments       Blanks
===============================================================================
 TOML                    1          103           79           10           14
 YAML                    1            6            5            1            0
-------------------------------------------------------------------------------
 Markdown                1           66            0           46           20
 |- TOML                 1            8            8            0            0
 (Total)                             74            8           46           20
-------------------------------------------------------------------------------
 Rust                   20         2162         1800           82          280
 |- Markdown            15          162            0          149           13
 (Total)                           2324         1800          231          293
===============================================================================
 Total                  23         2337         1884          139          314
===============================================================================

Return Code: 0
