Timestamp: 2025-04-02 05:35:28.546346
Command: tokei ../src/getrandom-0.2.15

--- Standard Output ---
===============================================================================
 Language            Files        Lines         Code     Comments       Blanks
===============================================================================
 TOML                    1          120           93           10           17
-------------------------------------------------------------------------------
 Markdown                3          577            0          450          127
 |- Rust                 1            5            5            0            0
 |- TOML                 1            2            2            0            0
 (Total)                            584            7          450          127
-------------------------------------------------------------------------------
 Rust                   29         1580         1166          252          162
 |- Markdown            22          412           18          328           66
 (Total)                           1992         1184          580          228
===============================================================================
 Total                  33         2277         1259          712          306
===============================================================================

Return Code: 0
