Timestamp: 2025-04-02 05:35:27.694023
Command: tokei ../src/hashbrown-0.11.2

--- Standard Output ---
===============================================================================
 Language            Files        Lines         Code     Comments       Blanks
===============================================================================
 TOML                    2           85           61           11           13
-------------------------------------------------------------------------------
 Markdown                2          462            0          338          124
 |- Rust                 1            4            3            0            1
 |- TOML                 1            2            2            0            0
 (Total)                            468            5          338          125
-------------------------------------------------------------------------------
 Rust                   23        10356         8450          481         1425
 |- Markdown            14         3402            0         2597          805
 (Total)                          13758         8450         3078         2230
===============================================================================
 Total                  27        10903         8511          830         1562
===============================================================================

Return Code: 0
