Timestamp: 2025-04-02 05:35:28.769354
Command: tokei ../src/iana-time-zone-0.1.60

--- Standard Output ---
===============================================================================
 Language            Files        Lines         Code     Comments       Blanks
===============================================================================
 Plain Text              1           16            0           14            2
 TOML                    1           57           38           10            9
-------------------------------------------------------------------------------
 Markdown                2          373            0          295           78
 |- Rust                 1            3            2            1            0
 (Total)                            376            2          296           78
-------------------------------------------------------------------------------
 Rust                   16         3022         2882           53           87
 |- Markdown             4           44            3           34            7
 (Total)                           3066         2885           87           94
===============================================================================
 Total                  20         3468         2920          372          176
===============================================================================

Return Code: 0
