Timestamp: 2025-04-02 05:35:28.568104
Command: tokei ../src/is-terminal-0.4.12

--- Standard Output ---
===============================================================================
 Language            Files        Lines         Code     Comments       Blanks
===============================================================================
 TOML                    1           70           51           10            9
-------------------------------------------------------------------------------
 Markdown                1           91            0           63           28
 |- BASH                 1           16           16            0            0
 |- Rust                 1            9            8            0            1
 (Total)                            116           24           63           29
-------------------------------------------------------------------------------
 Rust                    1          328          272           16           40
 |- Markdown             1           54            4           36           14
 (Total)                            382          276           52           54
===============================================================================
 Total                   3          489          323           89           77
===============================================================================

Return Code: 0
