Timestamp: 2025-04-02 05:35:27.726984
Command: tokei ../src/itoa-1.0.11

--- Standard Output ---
===============================================================================
 Language            Files        Lines         Code     Comments       Blanks
===============================================================================
 TOML                    1           43           29           10            4
-------------------------------------------------------------------------------
 Markdown                1           52            0           35           17
 |- Rust                 1            5            5            0            0
 |- TOML                 1            2            2            0            0
 (Total)                             59            7           35           17
-------------------------------------------------------------------------------
 Rust                    4          385          306           17           62
 |- Markdown             2           56            0           42           14
 (Total)                            441          306           59           76
===============================================================================
 Total                   6          480          335           62           83
===============================================================================

Return Code: 0
