Timestamp: 2025-04-02 05:35:27.868933
Command: tokei ../src/libsqlite3-sys-0.23.2

--- Standard Output ---
===============================================================================
 Language            Files        Lines         Code     Comments       Blanks
===============================================================================
 C                       3       474811       325527       124293        24991
 C Header                5        26119         4539        20910          670
 Shell                   2           68           49           10            9
 TOML                    1           65           50           10            5
-------------------------------------------------------------------------------
 Markdown                2          200            0          162           38
 |- Rust                 1           44           39            0            5
 |- TOML                 1            3            3            0            0
 (Total)                            247           42          162           43
-------------------------------------------------------------------------------
 Rust                    9        20714        20513           82          119
 |- Markdown             3           55            0           53            2
 (Total)                          20769        20513          135          121
===============================================================================
 Total                  22       521977       350678       145467        25832
===============================================================================

Return Code: 0
