Timestamp: 2025-04-02 05:35:27.889887
Command: tokei ../src/log-0.4.22

--- Standard Output ---
===============================================================================
 Language            Files        Lines         Code     Comments       Blanks
===============================================================================
 TOML                    2          140          114           10           16
-------------------------------------------------------------------------------
 Markdown                2          411            0          301          110
 |- Rust                 1           41           32            5            4
 |- TOML                 1            2            2            0            0
 (Total)                            454           34          306          114
-------------------------------------------------------------------------------
 Rust                   10         3846         3158          123          565
 |- Markdown             8         1353            6         1032          315
 (Total)                           5199         3164         1155          880
===============================================================================
 Total                  14         4397         3272          434          691
===============================================================================

Return Code: 0
