Timestamp: 2025-04-02 05:35:27.958432
Command: tokei ../src/proc-macro2-1.0.86

--- Standard Output ---
===============================================================================
 Language            Files        Lines         Code     Comments       Blanks
===============================================================================
 TOML                    2          106           79           10           17
-------------------------------------------------------------------------------
 Markdown                1           80            0           58           22
 |- Rust                 1           12            8            1            3
 |- TOML                 1            2            2            0            0
 (Total)                             94           10           59           25
-------------------------------------------------------------------------------
 Rust                   17         5853         4994          154          705
 |- Markdown             5          613            0          494          119
 (Total)                           6466         4994          648          824
===============================================================================
 Total                  20         6039         5073          222          744
===============================================================================

Return Code: 0
