Timestamp: 2025-04-02 05:35:27.972602
Command: tokei ../src/quote-1.0.36

--- Standard Output ---
===============================================================================
 Language            Files        Lines         Code     Comments       Blanks
===============================================================================
 TOML                    2           52           35           10            7
-------------------------------------------------------------------------------
 Markdown                1          213            0          148           65
 |- Rust                 1           57           51            2            4
 |- TOML                 1            2            2            0            0
 (Total)                            272           53          150           69
-------------------------------------------------------------------------------
 Rust                   16         2464         1989          147          328
 |- Markdown             6          760           15          584          161
 (Total)                           3224         2004          731          489
===============================================================================
 Total                  19         2729         2024          305          400
===============================================================================

Return Code: 0
