Timestamp: 2025-04-02 05:35:28.053981
Command: tokei ../src/regex-automata-0.4.7

--- Standard Output ---
===============================================================================
 Language            Files        Lines         Code     Comments       Blanks
===============================================================================
 BASH                    1           95           57           32            6
 TOML                    1          189          165           10           14
-------------------------------------------------------------------------------
 Markdown                2          153            0          125           28
 |- Rust                 1           29           25            3            1
 (Total)                            182           25          128           29
-------------------------------------------------------------------------------
 Rust                   96        40022        29267         7300         3455
 |- Markdown            58        26628            0        21582         5046
 (Total)                          66650        29267        28882         8501
===============================================================================
 Total                 100        40459        29489         7467         3503
===============================================================================

Return Code: 0
