Timestamp: 2025-04-02 05:35:28.110263
Command: tokei ../src/regex-1.10.5

--- Standard Output ---
===============================================================================
 Language            Files        Lines         Code     Comments       Blanks
===============================================================================
 BASH                    1           46           28           11            7
 TOML                   29         9734         7858          656         1220
-------------------------------------------------------------------------------
 Markdown                8         2198            0         1687          511
 |- Rust                 1           77           62            4           11
 |- TOML                 1            7            4            3            0
 (Total)                           2282           66         1694          522
-------------------------------------------------------------------------------
 Rust                   23         5368         3151         1684          533
 |- Markdown            12         6686            0         5244         1442
 (Total)                          12054         3151         6928         1975
===============================================================================
 Total                  61        17346        11037         4038         2271
===============================================================================

Return Code: 0
