Timestamp: 2025-04-02 05:35:28.077094
Command: tokei ../src/regex-syntax-0.8.4

--- Standard Output ---
===============================================================================
 Language            Files        Lines         Code     Comments       Blanks
===============================================================================
 BASH                    1           30           19            7            4
 TOML                    1           74           58           10            6
-------------------------------------------------------------------------------
 Markdown                1           89            0           61           28
 |- Rust                 1            7            6            0            1
 (Total)                             96            6           61           29
-------------------------------------------------------------------------------
 Rust                   34        52402        49154         1241         2007
 |- Markdown            17         4600           15         3813          772
 (Total)                          57002        49169         5054         2779
===============================================================================
 Total                  37        52595        49231         1319         2045
===============================================================================

Return Code: 0
