Timestamp: 2025-04-02 05:35:28.668042
Command: tokei ../src/rusqlite-0.26.3

--- Standard Output ---
===============================================================================
 Language            Files        Lines         Code     Comments       Blanks
===============================================================================
 Shell                   1           14           11            1            2
 TOML                    2          173          132           10           31
 YAML                    2           53           39           11            3
-------------------------------------------------------------------------------
 Markdown                2          514            0          400          114
 |- Rust                 1           44           39            0            5
 |- TOML                 1            3            3            0            0
 (Total)                            561           42          400          119
-------------------------------------------------------------------------------
 Rust                   48        14095        12065          421         1609
 |- Markdown            43         3191          594         2020          577
 (Total)                          17286        12659         2441         2186
===============================================================================
 Total                  55        14849        12247          843         1759
===============================================================================

Return Code: 0
