Timestamp: 2025-04-02 05:35:28.126598
Command: tokei ../src/ryu-1.0.18

--- Standard Output ---
===============================================================================
 Language            Files        Lines         Code     Comments       Blanks
===============================================================================
 TOML                    1          103           75           10           18
-------------------------------------------------------------------------------
 Markdown                1          103            0           72           31
 |- Rust                 1            5            5            0            0
 |- TOML                 1            2            2            0            0
 (Total)                            110            7           72           31
-------------------------------------------------------------------------------
 Rust                   27         3776         2953          560          263
 |- Markdown             3          198            0          143           55
 (Total)                           3974         2953          703          318
===============================================================================
 Total                  29         3982         3028          642          312
===============================================================================

Return Code: 0
