Timestamp: 2025-04-02 05:35:28.156170
Command: tokei ../src/serde_derive-1.0.204

--- Standard Output ---
===============================================================================
 Language            Files        Lines         Code     Comments       Blanks
===============================================================================
 TOML                    1           79           61           10            8
-------------------------------------------------------------------------------
 Markdown                2          122            0           95           27
 |- Rust                 2           46           26            8           12
 |- TOML                 1           11            3            6            2
 (Total)                            179           29          109           41
-------------------------------------------------------------------------------
 Rust                   17         8425         7195          416          814
 |- Markdown             8          154            4          138           12
 (Total)                           8579         7199          554          826
===============================================================================
 Total                  20         8626         7256          521          849
===============================================================================

Return Code: 0
