Timestamp: 2025-04-02 05:35:28.142262
Command: tokei ../src/serde-1.0.204

--- Standard Output ---
===============================================================================
 Language            Files        Lines         Code     Comments       Blanks
===============================================================================
 TOML                    1           79           61           10            8
-------------------------------------------------------------------------------
 Markdown                2          122            0           95           27
 |- Rust                 2           46           26            8           12
 |- TOML                 1           11            3            6            2
 (Total)                            179           29          109           41
-------------------------------------------------------------------------------
 Rust                   20        12556        10730          221         1605
 |- Markdown            14         3663            2         3156          505
 (Total)                          16219        10732         3377         2110
===============================================================================
 Total                  23        12757        10791          326         1640
===============================================================================

Return Code: 0
