Timestamp: 2025-04-02 05:35:28.181029
Command: tokei ../src/serde_json-1.0.120

--- Standard Output ---
===============================================================================
 Language            Files        Lines         Code     Comments       Blanks
===============================================================================
 D                       7           83           67            0           16
 TOML                    1          141          106           10           25
-------------------------------------------------------------------------------
 Markdown                2          305            0          230           75
 |- JSON                 1           12           12            0            0
 |- Rust                 1          115           83           14           18
 |- TOML                 1            4            4            0            0
 (Total)                            436           99          244           93
-------------------------------------------------------------------------------
 Rust                   68        19728        16856          829         2043
 |- Markdown            35         2785           16         2242          527
 (Total)                          22513        16872         3071         2570
===============================================================================
 Total                  78        20257        17029         1069         2159
===============================================================================

Return Code: 0
