Timestamp: 2025-04-02 05:35:28.198345
Command: tokei ../src/smallvec-1.13.2

--- Standard Output ---
===============================================================================
 Language            Files        Lines         Code     Comments       Blanks
===============================================================================
 Shell                   1           24           12            5            7
 TOML                    1           72           53           10            9
-------------------------------------------------------------------------------
 Markdown                2          104            0           74           30
 |- Rust                 2           33           23            5            5
 (Total)                            137           23           79           35
-------------------------------------------------------------------------------
 Rust                    7         3355         2807          138          410
 |- Markdown             4          615           37          428          150
 (Total)                           3970         2844          566          560
===============================================================================
 Total                  11         3555         2872          227          456
===============================================================================

Return Code: 0
