Timestamp: 2025-04-02 05:35:28.213007
Command: tokei ../src/strsim-0.10.0

--- Standard Output ---
===============================================================================
 Language            Files        Lines         Code     Comments       Blanks
===============================================================================
 TOML                    1           24           12           11            1
-------------------------------------------------------------------------------
 Markdown                2          263            0          166           97
 |- Rust                 2           40           28            0           12
 |- TOML                 1            2            2            0            0
 (Total)                            305           30          166          109
-------------------------------------------------------------------------------
 Rust                    3         1042          837           10          195
 |- Markdown             2          112            0           89           23
 (Total)                           1154          837           99          218
===============================================================================
 Total                   6         1329          849          187          293
===============================================================================

Return Code: 0
