Timestamp: 2025-04-02 05:35:28.240012
Command: tokei ../src/syn-2.0.72

--- Standard Output ---
===============================================================================
 Language            Files        Lines         Code     Comments       Blanks
===============================================================================
 TOML                    1          264          204           10           50
-------------------------------------------------------------------------------
 Markdown                1          242            0          176           66
 |- Rust                 1           36           28            5            3
 |- TOML                 1            6            5            0            1
 (Total)                            284           33          181           70
-------------------------------------------------------------------------------
 Rust                   94        55978        52473          685         2820
 |- Markdown            40         5239           11         4341          887
 (Total)                          61217        52484         5026         3707
===============================================================================
 Total                  96        56484        52677          871         2936
===============================================================================

Return Code: 0
