Timestamp: 2025-04-02 05:35:28.723099
Command: tokei ../src/tar-0.4.41

--- Standard Output ---
===============================================================================
 Language            Files        Lines         Code     Comments       Blanks
===============================================================================
 TOML                    1           49           33           10            6
-------------------------------------------------------------------------------
 Markdown                1           35            0           22           13
 |- Rust                 1           37           26            3            8
 |- TOML                 1            3            2            1            0
 (Total)                             75           28           26           21
-------------------------------------------------------------------------------
 Rust                   15         5698         4751          229          718
 |- Markdown            11          894            0          703          191
 (Total)                           6592         4751          932          909
===============================================================================
 Total                  17         5782         4784          261          737
===============================================================================

Return Code: 0
