Timestamp: 2025-04-02 05:35:28.264613
Command: tokei ../src/unicode-ident-1.0.12

--- Standard Output ---
===============================================================================
 Language            Files        Lines         Code     Comments       Blanks
===============================================================================
 F*                      2          830          830            0            0
 TOML                    1           63           43           10           10
-------------------------------------------------------------------------------
 Markdown                1          269            0          209           60
 |- Rust                 1           14           14            0            0
 (Total)                            283           14          209           60
-------------------------------------------------------------------------------
 Rust                   11         1802         1692           49           61
 |- Markdown             1          242           18          170           54
 (Total)                           2044         1710          219          115
===============================================================================
 Total                  15         2964         2565          268          131
===============================================================================

Return Code: 0
