Timestamp: 2025-04-02 05:35:28.299716
Command: tokei ../src/uuid-1.10.0

--- Standard Output ---
===============================================================================
 Language            Files        Lines         Code     Comments       Blanks
===============================================================================
 TOML                    1          209          169           10           30
-------------------------------------------------------------------------------
 Markdown                1           75            0           48           27
 |- Rust                 1           11            7            0            4
 |- TOML                 1            7            7            0            0
 (Total)                             93           14           48           31
-------------------------------------------------------------------------------
 Rust                   22         5205         4223          179          803
 |- Markdown            15         2478          243         1620          615
 (Total)                           7683         4466         1799         1418
===============================================================================
 Total                  24         5489         4392          237          860
===============================================================================

Return Code: 0
